<?xml version="1.0" encoding="UTF-8"?>
<!-- Generated by org.testng.reporters.JUnitReportReporter -->
<testsuite hostname="DESKTOP-1E7M70V" failures="0" tests="1" name="SelenumTestCases.SubscriptionValidationTestCases" time="381.712" errors="0" timestamp="2023-10-08T23:18:02 IST" skipped="0">
  <testcase classname="SelenumTestCases.SubscriptionValidationTestCases" name="SubscriptionPackages" time="381.712"/>
  <system-out/>
</testsuite> <!-- SelenumTestCases.SubscriptionValidationTestCases -->
